[keenthemes.com/metronic/preview/index9fd1.html]
[backblue.gif]
[fade.gif]
[index.html]
[ajax.googleapis.com/ajax/libs/webfont/1.6.16/webfont.js]
[keenthemes.com/metronic/preview/assets/demo/default/media/img/logo/favicon.ico]
[keenthemes.com/metronic/preview/assets/demo/default/media/img/logo/logo_default_dark.png]
[keenthemes.com/metronic/preview/index07a2.html]
[keenthemes.com/metronic/preview/assets/app/media/img/misc/notification_bg.jpg]
[keenthemes.com/metronic/preview/index8f58.html]
[keenthemes.com/metronic/preview/assets/app/media/img/misc/quick_actions_bg.jpg]
[keenthemes.com/metronic/preview/index9bfb.html]
[keenthemes.com/metronic/preview/false.8.delayed]
[keenthemes.com/metronic/preview/assets/app/media/img/users/user4.jpg]
[keenthemes.com/metronic/preview/assets/app/media/img/misc/user_profile_bg.jpg]
[keenthemes.com/metronic/preview/indexb101.html]
[keenthemes.com/metronic/preview/indexa80c.html]
[keenthemes.com/metronic/preview/assets/app/media/img/client-logos/logo3.png]
[keenthemes.com/metronic/preview/indexd68c.html]
[keenthemes.com/metronic/preview/assets/app/media/img/client-logos/logo1.png]
[keenthemes.com/metronic/preview/index4b55.html]
[keenthemes.com/metronic/preview/index762e.html]
[keenthemes.com/metronic/preview/index70fa.html]
[keenthemes.com/metronic/preview/index9c73.html]
[keenthemes.com/metronic/preview/assets/app/media/img/client-logos/logo2.png]
[keenthemes.com/metronic/preview/index4c34.html]
[keenthemes.com/metronic/preview/indexd2bb.html]
[keenthemes.com/metronic/preview/assets/app/media/img/blog/blog1.jpg]
[keenthemes.com/metronic/preview/indexd729.html]
[keenthemes.com/metronic/preview/index5e77.html]
[keenthemes.com/metronic/preview/indexb2f8.html]
[keenthemes.com/metronic/preview/index68d9.html]
[keenthemes.com/metronic/preview/assets/app/media/img/users/user1.jpg]
[keenthemes.com/metronic/preview/indexbc58.html]
[keenthemes.com/metronic/preview/indexbd9f.html]
[keenthemes.com/metronic/preview/index1f9d.html]
[keenthemes.com/metronic/preview/assets/app/media/img/bg/bg-4.jpg]
[keenthemes.com/metronic/preview/index64cb.html]
[keenthemes.com/metronic/preview/index6e4a.html]
[keenthemes.com/metronic/preview/index363a.html]
[keenthemes.com/metronic/preview/assets/app/media/img/users/user5.jpg]
[keenthemes.com/metronic/preview/index8d6b.html]
[keenthemes.com/metronic/preview/index4452.html]
[keenthemes.com/metronic/preview/assets/app/media/img/users/100_4.jpg]
[keenthemes.com/metronic/preview/index78ac.html]
[keenthemes.com/metronic/preview/index0dbd.html]
[keenthemes.com/metronic/preview/indexad9a.html]
[keenthemes.com/metronic/preview/assets/app/media/img/users/100_13.jpg]
[keenthemes.com/metronic/preview/indexb4bb.html]
[keenthemes.com/metronic/preview/indexfb20.html]
[keenthemes.com/metronic/preview/index9b69.html]
[keenthemes.com/metronic/preview/indexa2ac.html]
[keenthemes.com/metronic/preview/index8f18.html]
[keenthemes.com/metronic/preview/indexbcd9.html]
[keenthemes.com/metronic/preview/index6c27.html]
[keenthemes.com/metronic/preview/assets/app/media/img/users/100_11.jpg]
[keenthemes.com/metronic/preview/index57af.html]
[keenthemes.com/metronic/preview/index4259.html]
[keenthemes.com/metronic/preview/indexea05.html]
[keenthemes.com/metronic/preview/indexa96d.html]
[keenthemes.com/metronic/preview/assets/app/media/img/users/100_14.jpg]
[keenthemes.com/metronic/preview/index8e01.html]
[keenthemes.com/metronic/preview/indexb319.html]
[keenthemes.com/metronic/preview/index7cd6.html]
[keenthemes.com/metronic/preview/index3417.html]
[keenthemes.com/metronic/preview/assets/app/media/img/products/product6.jpg]
[keenthemes.com/metronic/preview/index5e78.html]
[keenthemes.com/metronic/preview/indexc614.html]
[keenthemes.com/metronic/preview/assets/app/media/img/products/product10.jpg]
[keenthemes.com/metronic/preview/index4a4c.html]
[keenthemes.com/metronic/preview/index8f4f.html]
[keenthemes.com/metronic/preview/index4963.html]
[keenthemes.com/metronic/preview/assets/app/media/img/products/product11.jpg]
[keenthemes.com/metronic/preview/indexd43d.html]
[keenthemes.com/metronic/preview/index5be0.html]
[keenthemes.com/metronic/preview/index9e5e.html]
[keenthemes.com/metronic/preview/indexadf5.html]
[keenthemes.com/metronic/preview/assets/app/media/img/client-logos/logo5.png]
[keenthemes.com/metronic/preview/indexa631.html]
[keenthemes.com/metronic/preview/indexa3d2.html]
[keenthemes.com/metronic/preview/index63b8.html]
[keenthemes.com/metronic/preview/indexf25d.html]
[keenthemes.com/metronic/preview/assets/app/media/img/client-logos/logo4.png]
[keenthemes.com/metronic/preview/index80c1.html]
[keenthemes.com/metronic/preview/indexa0f1.html]
[keenthemes.com/metronic/preview/index11c8.html]
[keenthemes.com/metronic/preview/index4d61.html]
[keenthemes.com/metronic/preview/assets/app/media/img/users/user3.20.delayed]
[keenthemes.com/metronic/preview/index4252.html]
[keenthemes.com/metronic/preview/index2649.html]
[keenthemes.com/metronic/preview/index3c90.html]
[keenthemes.com/metronic/preview/index3924.html]
[keenthemes.com/metronic/preview/assets/vendors/base/vendors.bundle.21.delayed]
[keenthemes.com/metronic/preview/index0bec.html]
[keenthemes.com/metronic/preview/indexb3f2.html]
[keenthemes.com/metronic/preview/indexe4cb.html]
[keenthemes.com/metronic/preview/assets/demo/default/base/scripts.bundle.js]
[keenthemes.com/metronic/preview/index2eec.html]
[keenthemes.com/metronic/preview/index5448.html]
[keenthemes.com/metronic/preview/assets/vendors/custom/fullcalendar/fullcalendar.bundle.js]
[keenthemes.com/metronic/preview/indexa8ed.html]
[keenthemes.com/metronic/preview/index0c64.html]
[keenthemes.com/metronic/preview/assets/app/js/dashboard.24.delayed]
[keenthemes.com/metronic/preview/index9fd1.html]
[keenthemes.com/metronic/preview/indexba1d.html]
[keenthemes.com/metronic/preview/index314a.html]
[keenthemes.com/metronic/preview/index1253.html]
[keenthemes.com/metronic/preview/index428a.html]
[keenthemes.com/metronic/preview/indexffa0.html]
[keenthemes.com/metronic/preview/assets/vendors/base/images/owl.carousel/owl.video.play.png]
[keenthemes.com/metronic/preview/indexd2f9.html]
[keenthemes.com/metronic/preview/indexf6ad.html]
[keenthemes.com/metronic/preview/index42b7.html]
[keenthemes.com/metronic/preview/assets/vendors/base/images/ion-rangeslider/sprite-skin-flat.26.delayed]
[keenthemes.com/metronic/preview/index5dff.html]
[keenthemes.com/metronic/preview/indexd287.html]
[keenthemes.com/metronic/preview/index94e9.html]
[keenthemes.com/metronic/preview/index207d.html]
[keenthemes.com/metronic/preview/assets/vendors/base/fonts/summernote/summernote9d3d.eot]
[keenthemes.com/metronic/preview/index012e.html]
[keenthemes.com/metronic/preview/index37a1.html]
[keenthemes.com/metronic/preview/index9d3c.html]
[keenthemes.com/metronic/preview/indexff8e.html]
[keenthemes.com/metronic/preview/assets/vendors/base/fonts/summernote/summernoted41d.eot]
[keenthemes.com/metronic/preview/indexd848.html]
[keenthemes.com/metronic/preview/indexb08d.html]
[keenthemes.com/metronic/preview/assets/vendors/base/fonts/summernote/summernote9d3d.woff]
[keenthemes.com/metronic/preview/indexf281.html]
[keenthemes.com/metronic/preview/index6e0f.html]
[keenthemes.com/metronic/preview/index7222.html]
[keenthemes.com/metronic/preview/assets/vendors/base/fonts/summernote/summernote9d3d.ttf]
[keenthemes.com/metronic/preview/index95ad.html]
[keenthemes.com/metronic/preview/indexd326.html]
[keenthemes.com/metronic/preview/index4e49.html]
[keenthemes.com/metronic/preview/assets/vendors/base/images/jstree/32px.png]
[keenthemes.com/metronic/preview/indexe076.html]
[keenthemes.com/metronic/preview/indexbba2.html]
[keenthemes.com/metronic/preview/index78e8.html]
[keenthemes.com/metronic/preview/assets/vendors/base/images/jstree/throbber.gif]
[keenthemes.com/metronic/preview/index1cc3.html]
[keenthemes.com/metronic/preview/index0c5f.html]
[keenthemes.com/metronic/preview/index888f.html]
[keenthemes.com/metronic/preview/assets/vendors/base/images/jstree/40px.png]
[keenthemes.com/metronic/preview/indexb891.html]
[keenthemes.com/metronic/preview/index9ea3.html]
[keenthemes.com/metronic/preview/index48c3.html]
[keenthemes.com/metronic/preview/indexeaf0.html]
[keenthemes.com/metronic/preview/assets/vendors/base/fonts/socicon/socicon.eot]
[keenthemes.com/metronic/preview/index69ab.html]
[keenthemes.com/metronic/preview/index418e.html]
[keenthemes.com/metronic/preview/index9fdf.html]
[keenthemes.com/metronic/preview/index7da1.html]
[keenthemes.com/metronic/preview/assets/vendors/base/fonts/socicon/socicond41d.eot]
[keenthemes.com/metronic/preview/index286e.html]
[keenthemes.com/metronic/preview/index4a54.html]
[keenthemes.com/metronic/preview/index8f2d.html]
[keenthemes.com/metronic/preview/assets/vendors/base/fonts/socicon/socicon.woff]
[keenthemes.com/metronic/preview/index60c2.html]
[keenthemes.com/metronic/preview/index3a07.html]
[keenthemes.com/metronic/preview/indexbdf5.html]
[keenthemes.com/metronic/preview/index9606.html]
[keenthemes.com/metronic/preview/assets/vendors/base/fonts/socicon/socicon.ttf]
[keenthemes.com/metronic/preview/index0924.html]
[keenthemes.com/metronic/preview/indexff71.html]
[keenthemes.com/metronic/preview/index795a.html]
[keenthemes.com/metronic/preview/index7dee.html]
[keenthemes.com/metronic/preview/indexc5b9.html]
[keenthemes.com/metronic/preview/index35f4.html]
[keenthemes.com/metronic/preview/indexcf4e.html]
[keenthemes.com/metronic/preview/indexecfa.html]
[keenthemes.com/metronic/preview/index794d.html]
[keenthemes.com/metronic/preview/indexe7cf.html]
[keenthemes.com/metronic/preview/indexdfd9.html]
[keenthemes.com/metronic/preview/index0342.html]
[keenthemes.com/metronic/preview/assets/vendors/base/fonts/line-awesome/line-awesomeeb4f.eot]
[keenthemes.com/metronic/preview/index58e8.html]
[keenthemes.com/metronic/preview/indexfd51.html]
[keenthemes.com/metronic/preview/index0443.html]
[keenthemes.com/metronic/preview/assets/vendors/base/fonts/line-awesome/line-awesome0176.eot]
[keenthemes.com/metronic/preview/indexa838.html]
[keenthemes.com/metronic/preview/index5335.html]
[keenthemes.com/metronic/preview/indexec8c.html]
[keenthemes.com/metronic/preview/assets/vendors/base/fonts/line-awesome/line-awesomeeb4f.woff2]
[keenthemes.com/metronic/preview/index2c21.html]
[keenthemes.com/metronic/preview/index47be.html]
[keenthemes.com/metronic/preview/index1b9f.html]
[keenthemes.com/metronic/preview/indexb73f.html]
[keenthemes.com/metronic/preview/index0c25.html]
[keenthemes.com/metronic/preview/assets/vendors/base/fonts/line-awesome/line-awesomeeb4f.woff]
[keenthemes.com/metronic/preview/indexb906.html]
[keenthemes.com/metronic/preview/index3839.html]
[keenthemes.com/metronic/preview/index49c0.html]
[keenthemes.com/metronic/preview/indexeafe.html]
[keenthemes.com/metronic/preview/assets/vendors/base/fonts/line-awesome/line-awesomeeb4f.ttf]
[keenthemes.com/metronic/preview/indexafa9.html]
[keenthemes.com/metronic/preview/index3f0d.html]
[keenthemes.com/metronic/preview/indexc9b5.html]
[keenthemes.com/metronic/preview/indexa5aa.html]
[keenthemes.com/metronic/preview/indexa67e.html]
[keenthemes.com/metronic/preview/indexc5e5.html]
[keenthemes.com/metronic/preview/indexdf21.html]
[keenthemes.com/metronic/preview/assets/vendors/base/fonts/flaticon/Flaticon.eot]
[keenthemes.com/metronic/preview/index54b5.html]
[keenthemes.com/metronic/preview/index2b54.html]
[keenthemes.com/metronic/preview/indexc13e.html]
[keenthemes.com/metronic/preview/assets/vendors/base/fonts/flaticon/Flaticond41d.eot]
[keenthemes.com/metronic/preview/indexc559.html]
[keenthemes.com/metronic/preview/index58f3.html]
[keenthemes.com/metronic/preview/indexb425.html]
[keenthemes.com/metronic/preview/indexb44a.html]
[keenthemes.com/metronic/preview/index9535.html]
[keenthemes.com/metronic/preview/indexf37a.html]
[keenthemes.com/metronic/preview/index9f82.html]
[keenthemes.com/metronic/preview/assets/vendors/base/fonts/flaticon/Flaticon.woff]
[keenthemes.com/metronic/preview/indexdc3f.html]
[keenthemes.com/metronic/preview/index88c1.html]
[keenthemes.com/metronic/preview/index19fc.html]
[keenthemes.com/metronic/preview/index3cd9.html]
[keenthemes.com/metronic/preview/assets/vendors/base/fonts/flaticon/Flaticon.3c.delayed]
[keenthemes.com/metronic/preview/indexeae8.html]
[keenthemes.com/metronic/preview/index6346.html]
[keenthemes.com/metronic/preview/index4fef.html]
[keenthemes.com/metronic/preview/indexd268.html]
[keenthemes.com/metronic/preview/index710c.html]
[keenthemes.com/metronic/preview/index3860.html]
[keenthemes.com/metronic/preview/assets/vendors/base/fonts/metronic/Metronic_fda1334c35d0f5fe2afb3afebbb6774a.eot]
[keenthemes.com/metronic/preview/assets/vendors/base/fonts/metronic/Metronic_fda1334c35d0f5fe2afb3afebbb6774ad41d.eot]
[keenthemes.com/metronic/preview/assets/vendors/base/fonts/metronic/Metronic_fda1334c35d0f5fe2afb3afebbb6774a.woff2]
[keenthemes.com/metronic/preview/assets/vendors/base/fonts/metronic/Metronic_fda1334c35d0f5fe2afb3afebbb6774a.woff]
[keenthemes.com/metronic/preview/assets/vendors/base/fonts/metronic/Metronic_fda1334c35d0f5fe2afb3afebbb6774a.ttf]
[keenthemes.com/metronic/preview/assets/vendors/base/fonts/fontawesome5/fa-brands-400.eot]
[keenthemes.com/metronic/preview/assets/vendors/base/fonts/fontawesome5/fa-brands-400d41d.eot]
[keenthemes.com/metronic/preview/assets/vendors/base/fonts/fontawesome5/fa-brands-400.woff2]
[keenthemes.com/metronic/preview/assets/vendors/base/fonts/fontawesome5/fa-brands-400.woff]
[keenthemes.com/metronic/preview/assets/vendors/base/fonts/fontawesome5/fa-brands-400.ttf]
[keenthemes.com/metronic/preview/assets/vendors/base/fonts/fontawesome5/fa-regular-400.eot]
[keenthemes.com/metronic/preview/assets/vendors/base/fonts/fontawesome5/fa-regular-400d41d.eot]
[keenthemes.com/metronic/preview/assets/vendors/base/fonts/fontawesome5/fa-regular-400.woff2]
[keenthemes.com/metronic/preview/assets/vendors/base/fonts/fontawesome5/fa-regular-400.woff]
[keenthemes.com/metronic/preview/assets/vendors/base/fonts/fontawesome5/fa-regular-400.ttf]
[keenthemes.com/metronic/preview/assets/vendors/base/fonts/fontawesome5/fa-solid-900.eot]
[keenthemes.com/metronic/preview/assets/vendors/base/fonts/fontawesome5/fa-solid-900d41d.eot]
[keenthemes.com/metronic/preview/assets/vendors/base/fonts/fontawesome5/fa-solid-900.woff2]
[keenthemes.com/metronic/preview/assets/vendors/base/fonts/fontawesome5/fa-solid-900.woff]
[keenthemes.com/metronic/preview/assets/vendors/base/fonts/fontawesome5/fa-solid-900.ttf]
[keenthemes.com/metronic/preview/assets/vendors/base/vendors.bundle.css]
[keenthemes.com/metronic/preview/assets/demo/default/base/style.bundle.css]
[keenthemes.com/metronic/preview/assets/vendors/custom/fullcalendar/fullcalendar.bundle.css]
[keenthemes.com/metronic/preview/index9bfb.html]
[keenthemes.com/metronic/preview/assets/demo/default/custom/header/actions.js]
[keenthemes.com/metronic/preview/index07a2.html]
[keenthemes.com/metronic/preview/index8f58.html]
[keenthemes.com/metronic/preview/false.html]
[keenthemes.com/metronic/preview/assets/app/media/img/flags/020-flag.svg]
[keenthemes.com/metronic/preview/assets/app/media/img/flags/015-china.svg]
[keenthemes.com/metronic/preview/assets/app/media/img/flags/016-spain.svg]
[keenthemes.com/metronic/preview/assets/app/media/img/flags/014-japan.svg]
[keenthemes.com/metronic/preview/assets/app/media/img/flags/017-germany.svg]
[keenthemes.com/metronic/preview/indexa80c.html]
[keenthemes.com/metronic/preview/assets/app/media/img/logos/logo-2.png]
[keenthemes.com/metronic/preview/assets/snippets/custom/pages/user/login.js]
[keenthemes.com/metronic/preview/indexb101.html]
[keenthemes.com/metronic/preview/indexd68c.html]
[keenthemes.com/metronic/preview/index4b55.html]
[keenthemes.com/metronic/preview/index762e.html]
[keenthemes.com/metronic/preview/index70fa.html]
[keenthemes.com/metronic/preview/index9c73.html]
[keenthemes.com/metronic/preview/index4c34.html]
[keenthemes.com/metronic/preview/indexd2bb.html]
[keenthemes.com/metronic/preview/indexd729.html]
[keenthemes.com/metronic/preview/index5e77.html]
[keenthemes.com/metronic/preview/assets/demo/default/custom/components/base/blockui.js]
[keenthemes.com/metronic/preview/indexb2f8.html]
[keenthemes.com/metronic/preview/index68d9.html]
[keenthemes.com/metronic/preview/indexbc58.html]
[keenthemes.com/metronic/preview/assets/demo/default/custom/components/base/dropdown.js]
[keenthemes.com/metronic/preview/indexbd9f.html]
[keenthemes.com/metronic/preview/index1f9d.html]
[keenthemes.com/metronic/preview/index64cb.html]
[keenthemes.com/metronic/preview/index6e4a.html]
[keenthemes.com/metronic/preview/index363a.html]
[keenthemes.com/metronic/preview/assets/app/media/img/users/user2.jpg]
[keenthemes.com/metronic/preview/index8d6b.html]
[keenthemes.com/metronic/preview/assets/demo/default/custom/components/base/treeview.js]
[keenthemes.com/metronic/preview/index4452.html]
[keenthemes.com/metronic/preview/assets/demo/default/custom/components/base/bootstrap-notify.js]
[keenthemes.com/metronic/preview/index78ac.html]
[keenthemes.com/metronic/preview/assets/demo/default/custom/components/base/toastr.js]
[keenthemes.com/metronic/preview/indexad9a.html]
[keenthemes.com/metronic/preview/assets/demo/default/custom/components/base/sweetalert2.js]
[keenthemes.com/metronic/preview/index0dbd.html]
[keenthemes.com/metronic/preview/indexb4bb.html]
[keenthemes.com/metronic/preview/indexfb20.html]
[keenthemes.com/metronic/preview/index9b69.html]
[keenthemes.com/metronic/preview/indexa2ac.html]
[keenthemes.com/metronic/preview/index8f18.html]
[keenthemes.com/metronic/preview/indexbcd9.html]
[keenthemes.com/metronic/preview/index6c27.html]
[keenthemes.com/metronic/preview/index57af.html]
[keenthemes.com/metronic/preview/indexea05.html]
[keenthemes.com/metronic/preview/index4259.html]
[keenthemes.com/metronic/preview/indexa96d.html]
[keenthemes.com/metronic/preview/index8e01.html]
[keenthemes.com/metronic/preview/indexb319.html]
[keenthemes.com/metronic/preview/index7cd6.html]
[keenthemes.com/metronic/preview/index3417.html]
[keenthemes.com/metronic/preview/index5e78.html]
[keenthemes.com/metronic/preview/indexc614.html]
[keenthemes.com/metronic/preview/assets/vendors/custom/jquery-ui/jquery-ui.bundle.js]
[keenthemes.com/metronic/preview/assets/demo/default/custom/components/portlets/draggable.js]
[keenthemes.com/metronic/preview/index8f4f.html]
[keenthemes.com/metronic/preview/assets/demo/default/custom/components/portlets/tools.js]
[keenthemes.com/metronic/preview/index4a4c.html]
[keenthemes.com/metronic/preview/index4963.html]
[keenthemes.com/metronic/preview/assets/app/media/img/users/100_7.jpg]
[keenthemes.com/metronic/preview/assets/app/media/img/users/100_3.jpg]
[keenthemes.com/metronic/preview/assets/app/media/img/products/product1.jpg]
[keenthemes.com/metronic/preview/indexd43d.html]
[keenthemes.com/metronic/preview/index5be0.html]
[keenthemes.com/metronic/preview/assets/app/media/img/users/100_1.jpg]
[keenthemes.com/metronic/preview/assets/app/media/img/users/100_5.jpg]
[keenthemes.com/metronic/preview/assets/app/media/img/users/100_2.jpg]
[keenthemes.com/metronic/preview/assets/app/media/img/users/100_9.jpg]
[keenthemes.com/metronic/preview/assets/app/media/img/users/100_8.jpg]
[keenthemes.com/metronic/preview/assets/app/media/img/users/100_6.jpg]
[keenthemes.com/metronic/preview/assets/app/media/img/users/300_9.jpg]
[keenthemes.com/metronic/preview/assets/app/media/img/users/300_7.jpg]
[keenthemes.com/metronic/preview/assets/app/media/img/users/300_3.jpg]
[keenthemes.com/metronic/preview/index9e5e.html]
[keenthemes.com/metronic/preview/assets/vendors/custom/gmaps/gmaps.js]
[keenthemes.com/metronic/preview/indexadf5.html]
[keenthemes.com/metronic/preview/assets/demo/default/custom/components/calendar/basic.js]
[keenthemes.com/metronic/preview/indexa631.html]
[keenthemes.com/metronic/preview/assets/demo/default/custom/components/calendar/list-view.js]
[keenthemes.com/metronic/preview/indexa3d2.html]
[keenthemes.com/metronic/preview/assets/demo/default/custom/components/calendar/google.js]
[keenthemes.com/metronic/preview/index63b8.html]
[keenthemes.com/metronic/preview/assets/demo/default/custom/components/calendar/external-events.js]
[keenthemes.com/metronic/preview/indexf25d.html]
[keenthemes.com/metronic/preview/assets/demo/default/custom/components/calendar/background-events.js]
[keenthemes.com/metronic/preview/index80c1.html]
[www.amcharts.com/lib/3/plugins/export/export.css]
[www.amcharts.com/lib/3/radar.js]
[www.amcharts.com/lib/3/plugins/tools/polarScatter/polarScatter.min.js]
[www.amcharts.com/lib/3/pie.js]
[www.amcharts.com/lib/3/plugins/animate/animate.min.js]
[www.amcharts.com/lib/3/themes/light.js]
[www.amcharts.com/lib/3/serial.js]
[www.amcharts.com/lib/3/plugins/export/export.min.js]
[www.amcharts.com/lib/3/amcharts.js]
[keenthemes.com/metronic/preview/assets/demo/default/custom/components/charts/amcharts/charts.js]
[keenthemes.com/metronic/preview/indexa0f1.html]
[www.amcharts.com/lib/3/amstock.js]
[keenthemes.com/metronic/preview/assets/demo/default/custom/components/charts/amcharts/stock-charts.js]
[keenthemes.com/metronic/preview/index11c8.html]
[www.amcharts.com/lib/3/maps/js/usaLow.js]
[keenthemes.com/metronic/preview/assets/demo/default/custom/components/charts/amcharts/maps.js]
[keenthemes.com/metronic/preview/index4d61.html]
[keenthemes.com/metronic/preview/assets/vendors/custom/flot/flot.bundle.js]
[www.amcharts.com/lib/3/ammap.js]
[www.amcharts.com/lib/3/maps/js/worldLow.js]
[keenthemes.com/metronic/preview/assets/demo/default/custom/components/charts/flotcharts.js]
[keenthemes.com/metronic/preview/index4252.html]
[keenthemes.com/metronic/preview/assets/demo/default/custom/components/charts/google-charts.js]
[keenthemes.com/metronic/preview/index2649.html]
[keenthemes.com/metronic/preview/index3c90.html]
[keenthemes.com/metronic/preview/assets/demo/default/custom/components/charts/morris-charts.js]
[keenthemes.com/metronic/preview/assets/demo/default/custom/components/maps/google-maps.js]
[keenthemes.com/metronic/preview/index3924.html]
[keenthemes.com/metronic/preview/assets/vendors/custom/jqvmap/jqvmap.bundle.js]
[keenthemes.com/metronic/preview/assets/demo/default/custom/components/maps/jqvmap.js]
[keenthemes.com/metronic/preview/index0bec.html]
[keenthemes.com/metronic/preview/indexb3f2.html]
[keenthemes.com/metronic/preview/assets/demo/default/custom/components/utils/session-timeout.js]
[keenthemes.com/metronic/preview/assets/demo/default/custom/components/utils/idle-timer.js]
[keenthemes.com/metronic/preview/indexe4cb.html]
[keenthemes.com/metronic/preview/index2eec.html]
[keenthemes.com/metronic/preview/index5448.html]
[keenthemes.com/metronic/preview/indexa8ed.html]
[keenthemes.com/metronic/preview/index0c64.html]
[keenthemes.com/metronic/preview/indexba1d.html]
[keenthemes.com/metronic/preview/indexa5c4.html]
[keenthemes.com/metronic/preview/assets/demo/default/custom/crud/forms/widgets/bootstrap-datepicker.js]
[keenthemes.com/metronic/preview/index314a.html]
[keenthemes.com/metronic/preview/assets/demo/default/custom/crud/forms/widgets/bootstrap-datetimepicker.js]
[keenthemes.com/metronic/preview/index1253.html]
[keenthemes.com/metronic/preview/index428a.html]
[keenthemes.com/metronic/preview/assets/demo/default/custom/crud/forms/widgets/bootstrap-timepicker.js]
[keenthemes.com/metronic/preview/indexffa0.html]
[keenthemes.com/metronic/preview/assets/demo/default/custom/crud/forms/widgets/bootstrap-daterangepicker.js]
[keenthemes.com/metronic/preview/indexd2f9.html]
[keenthemes.com/metronic/preview/assets/demo/default/custom/crud/forms/widgets/bootstrap-touchspin.js]
[keenthemes.com/metronic/preview/assets/demo/default/custom/crud/forms/widgets/bootstrap-maxlength.js]
[keenthemes.com/metronic/preview/indexf6ad.html]
[keenthemes.com/metronic/preview/index42b7.html]
[keenthemes.com/metronic/preview/assets/demo/default/custom/crud/forms/widgets/bootstrap-switch.js]
[keenthemes.com/metronic/preview/assets/demo/default/custom/crud/forms/widgets/bootstrap-multipleselectsplitter.js]
[keenthemes.com/metronic/preview/index5dff.html]
[keenthemes.com/metronic/preview/assets/demo/default/custom/crud/forms/widgets/bootstrap-select.js]
[keenthemes.com/metronic/preview/indexd287.html]
[keenthemes.com/metronic/preview/index94e9.html]
[keenthemes.com/metronic/preview/assets/demo/default/custom/crud/forms/widgets/select2.js]
[keenthemes.com/metronic/preview/assets/demo/default/custom/crud/forms/widgets/typeahead.js]
[keenthemes.com/metronic/preview/index207d.html]
[keenthemes.com/metronic/preview/assets/demo/default/custom/crud/forms/widgets/nouislider.js]
[keenthemes.com/metronic/preview/index012e.html]
[keenthemes.com/metronic/preview/index37a1.html]
[keenthemes.com/metronic/preview/assets/demo/default/custom/crud/forms/widgets/form-repeater.js]
[www.amcharts.com/lib/3/maps/js/worldHigh.js]
[keenthemes.com/metronic/preview/assets/demo/default/custom/crud/forms/widgets/ion-range-slider.js]
[keenthemes.com/metronic/preview/index9d3c.html]
[keenthemes.com/metronic/preview/assets/demo/default/custom/crud/forms/widgets/input-mask.js]
[keenthemes.com/metronic/preview/indexff8e.html]
[keenthemes.com/metronic/preview/assets/demo/default/custom/crud/forms/widgets/summernote.js]
[keenthemes.com/metronic/preview/indexd848.html]
[keenthemes.com/metronic/preview/assets/demo/default/custom/crud/forms/widgets/bootstrap-markdown.js]
[keenthemes.com/metronic/preview/indexb08d.html]
[keenthemes.com/metronic/preview/assets/demo/default/custom/crud/forms/widgets/autosize.js]
[keenthemes.com/metronic/preview/indexf281.html]
[keenthemes.com/metronic/preview/assets/demo/default/custom/crud/forms/widgets/clipboard.js]
[keenthemes.com/metronic/preview/index6e0f.html]
[keenthemes.com/metronic/preview/assets/demo/default/custom/crud/forms/widgets/dropzone.js]
[keenthemes.com/metronic/preview/index7222.html]
[www.google.com/recaptcha/api.js]
[keenthemes.com/metronic/preview/index95ad.html]
[keenthemes.com/metronic/preview/indexd326.html]
[keenthemes.com/metronic/preview/index4e49.html]
[keenthemes.com/metronic/preview/index78e8.html]
[keenthemes.com/metronic/preview/indexe076.html]
[keenthemes.com/metronic/preview/indexbba2.html]
[keenthemes.com/metronic/preview/assets/demo/default/custom/crud/forms/validation/form-controls.js]
[keenthemes.com/metronic/preview/index0c5f.html]
[keenthemes.com/metronic/preview/assets/demo/default/custom/crud/forms/validation/form-widgets.js]
[keenthemes.com/metronic/preview/index1cc3.html]
[keenthemes.com/metronic/preview/assets/demo/default/custom/crud/wizard/wizard.js]
[keenthemes.com/metronic/preview/index888f.html]
[keenthemes.com/metronic/preview/indexb891.html]
[keenthemes.com/metronic/preview/index9ea3.html]
[keenthemes.com/metronic/preview/index48c3.html]
[keenthemes.com/metronic/preview/indexeaf0.html]
[keenthemes.com/metronic/preview/assets/demo/default/custom/crud/metronic-datatable/base/data-local.js]
[keenthemes.com/metronic/preview/index418e.html]
[keenthemes.com/metronic/preview/assets/demo/default/custom/crud/metronic-datatable/base/data-json.js]
[keenthemes.com/metronic/preview/index69ab.html]
[keenthemes.com/metronic/preview/assets/demo/default/custom/crud/metronic-datatable/base/data-ajax.js]
[keenthemes.com/metronic/preview/index9fdf.html]
[keenthemes.com/metronic/preview/assets/demo/default/custom/crud/metronic-datatable/base/html-table.js]
[keenthemes.com/metronic/preview/index7da1.html]
[keenthemes.com/metronic/preview/assets/demo/default/custom/crud/metronic-datatable/base/record-selection.js]
[keenthemes.com/metronic/preview/index286e.html]
[keenthemes.com/metronic/preview/assets/demo/default/custom/crud/metronic-datatable/base/local-sort.js]
[keenthemes.com/metronic/preview/index4a54.html]
[keenthemes.com/metronic/preview/assets/demo/default/custom/crud/metronic-datatable/base/row-details.js]
[keenthemes.com/metronic/preview/index8f2d.html]
[keenthemes.com/metronic/preview/assets/demo/default/custom/crud/metronic-datatable/base/column-rendering.js]
[keenthemes.com/metronic/preview/index60c2.html]
[keenthemes.com/metronic/preview/assets/demo/default/custom/crud/metronic-datatable/base/column-width.js]
[keenthemes.com/metronic/preview/index3a07.html]
[keenthemes.com/metronic/preview/assets/demo/default/custom/crud/metronic-datatable/base/responsive-columns.js]
[keenthemes.com/metronic/preview/indexbdf5.html]
[keenthemes.com/metronic/preview/assets/demo/default/custom/crud/metronic-datatable/base/translation.js]
[keenthemes.com/metronic/preview/index9606.html]
[keenthemes.com/metronic/preview/assets/demo/default/custom/crud/metronic-datatable/scrolling/vertical.js]
[keenthemes.com/metronic/preview/index0924.html]
[keenthemes.com/metronic/preview/assets/demo/default/custom/crud/metronic-datatable/scrolling/horizontal.js]
[keenthemes.com/metronic/preview/indexff71.html]
[keenthemes.com/metronic/preview/assets/demo/default/custom/crud/metronic-datatable/scrolling/both.js]
[keenthemes.com/metronic/preview/index795a.html]
[keenthemes.com/metronic/preview/assets/demo/default/custom/crud/metronic-datatable/locked/left.js]
[keenthemes.com/metronic/preview/index7dee.html]
[keenthemes.com/metronic/preview/assets/demo/default/custom/crud/metronic-datatable/locked/right.js]
[keenthemes.com/metronic/preview/index35f4.html]
[keenthemes.com/metronic/preview/assets/demo/default/custom/crud/metronic-datatable/locked/both.js]
[keenthemes.com/metronic/preview/indexc5b9.html]
[keenthemes.com/metronic/preview/assets/demo/default/custom/crud/metronic-datatable/locked/html-table.js]
[keenthemes.com/metronic/preview/indexcf4e.html]
[keenthemes.com/metronic/preview/assets/demo/default/custom/crud/metronic-datatable/child/data-local.js]
[keenthemes.com/metronic/preview/indexecfa.html]
[keenthemes.com/metronic/preview/assets/demo/default/custom/crud/metronic-datatable/child/data-ajax.js]
[keenthemes.com/metronic/preview/index794d.html]
[keenthemes.com/metronic/preview/assets/demo/default/custom/crud/metronic-datatable/api/methods.js]
[keenthemes.com/metronic/preview/indexe7cf.html]
[keenthemes.com/metronic/preview/assets/demo/default/custom/crud/metronic-datatable/api/events.js]
[keenthemes.com/metronic/preview/indexdfd9.html]
[keenthemes.com/metronic/preview/assets/vendors/custom/datatables/datatables.bundle.js]
[keenthemes.com/metronic/preview/assets/demo/default/custom/crud/datatables/basic/basic.js]
[keenthemes.com/metronic/preview/index0342.html]
[keenthemes.com/metronic/preview/assets/demo/default/custom/crud/datatables/basic/scrollable.js]
[keenthemes.com/metronic/preview/index58e8.html]
[keenthemes.com/metronic/preview/assets/demo/default/custom/crud/datatables/basic/headers.js]
[keenthemes.com/metronic/preview/indexfd51.html]
[keenthemes.com/metronic/preview/assets/demo/default/custom/crud/datatables/basic/paginations.js]
[keenthemes.com/metronic/preview/index0443.html]
[keenthemes.com/metronic/preview/assets/demo/default/custom/crud/datatables/advanced/column-rendering.js]
[keenthemes.com/metronic/preview/indexa838.html]
[keenthemes.com/metronic/preview/assets/demo/default/custom/crud/datatables/advanced/multiple-controls.js]
[keenthemes.com/metronic/preview/index5335.html]
[keenthemes.com/metronic/preview/assets/demo/default/custom/crud/datatables/advanced/column-visibility.js]
[keenthemes.com/metronic/preview/indexec8c.html]
[keenthemes.com/metronic/preview/assets/demo/default/custom/crud/datatables/advanced/row-callback.js]
[keenthemes.com/metronic/preview/index2c21.html]
[keenthemes.com/metronic/preview/assets/demo/default/custom/crud/datatables/advanced/row-grouping.js]
[keenthemes.com/metronic/preview/index1b9f.html]
[keenthemes.com/metronic/preview/assets/demo/default/custom/crud/datatables/advanced/footer-callback.js]
[keenthemes.com/metronic/preview/index47be.html]
[keenthemes.com/metronic/preview/assets/demo/default/custom/crud/datatables/data-sources/html.js]
[keenthemes.com/metronic/preview/index0c25.html]
[keenthemes.com/metronic/preview/assets/demo/default/custom/crud/datatables/data-sources/javascript.js]
[keenthemes.com/metronic/preview/indexb73f.html]
[keenthemes.com/metronic/preview/assets/demo/default/custom/crud/datatables/data-sources/ajax-client-side.js]
[keenthemes.com/metronic/preview/indexb906.html]
[keenthemes.com/metronic/preview/assets/demo/default/custom/crud/datatables/data-sources/ajax-server-side.js]
[keenthemes.com/metronic/preview/index3839.html]
[keenthemes.com/metronic/preview/assets/demo/default/custom/crud/datatables/search-options/column-search.js]
[keenthemes.com/metronic/preview/index49c0.html]
[keenthemes.com/metronic/preview/assets/demo/default/custom/crud/datatables/search-options/advanced-search.js]
[keenthemes.com/metronic/preview/indexeafe.html]
[keenthemes.com/metronic/preview/assets/demo/default/custom/crud/datatables/extensions/buttons.js]
[keenthemes.com/metronic/preview/indexafa9.html]
[keenthemes.com/metronic/preview/assets/demo/default/custom/crud/datatables/extensions/colreorder.js]
[keenthemes.com/metronic/preview/index3f0d.html]
[keenthemes.com/metronic/preview/assets/demo/default/custom/crud/datatables/extensions/keytable.js]
[keenthemes.com/metronic/preview/indexc9b5.html]
[keenthemes.com/metronic/preview/assets/demo/default/custom/crud/datatables/extensions/responsive.js]
[keenthemes.com/metronic/preview/indexa5aa.html]
[keenthemes.com/metronic/preview/assets/demo/default/custom/crud/datatables/extensions/rowgroup.js]
[keenthemes.com/metronic/preview/indexa67e.html]
[keenthemes.com/metronic/preview/assets/demo/default/custom/crud/datatables/extensions/rowreorder.js]
[keenthemes.com/metronic/preview/indexc5e5.html]
[keenthemes.com/metronic/preview/assets/demo/default/custom/crud/datatables/extensions/scroller.js]
[keenthemes.com/metronic/preview/indexdf21.html]
[keenthemes.com/metronic/preview/assets/demo/default/custom/crud/datatables/extensions/select.js]
[keenthemes.com/metronic/preview/index54b5.html]
[keenthemes.com/metronic/preview/assets/app/media/img/envato/screen1.jpg]
[keenthemes.com/metronic/preview/assets/app/media/img/envato/screen2.jpg]
[keenthemes.com/metronic/preview/assets/app/js/layout-builder.js]
[keenthemes.com/metronic/preview/index2b54.html]
[keenthemes.com/metronic/preview/indexc13e.html]
[keenthemes.com/metronic/preview/indexc559.html]
[keenthemes.com/metronic/preview/index58f3.html]
[keenthemes.com/metronic/preview/indexb425.html]
[keenthemes.com/metronic/preview/assets/app/media/img/bg/bg-6.jpg]
[keenthemes.com/metronic/preview/assets/app/media/img/logos/logo_client_white.png]
[keenthemes.com/metronic/preview/indexb44a.html]
[keenthemes.com/metronic/preview/assets/app/media/img/logos/logo_client_color.png]
[keenthemes.com/metronic/preview/index9535.html]
[keenthemes.com/metronic/preview/indexf37a.html]
[keenthemes.com/metronic/preview/assets/app/media/img/bg/bg-1.jpg]
[keenthemes.com/metronic/preview/assets/app/media/img/logos/logo-1.png]
[keenthemes.com/metronic/preview/index9f82.html]
[keenthemes.com/metronic/preview/assets/app/media/img/bg/bg-3.jpg]
[keenthemes.com/metronic/preview/indexdc3f.html]
[keenthemes.com/metronic/preview/assets/app/media/img/bg/bg-2.jpg]
[keenthemes.com/metronic/preview/index88c1.html]
[keenthemes.com/metronic/preview/index19fc.html]
[keenthemes.com/metronic/preview/assets/app/media/img/logos/logo-4.png]
[keenthemes.com/metronic/preview/assets/snippets/custom/pages/user/login6.js]
[keenthemes.com/metronic/preview/index3cd9.html]
[keenthemes.com/metronic/preview/assets/app/media/img/error/bg1.jpg]
[keenthemes.com/metronic/preview/indexeae8.html]
[keenthemes.com/metronic/preview/assets/app/media/img/error/bg2.jpg]
[keenthemes.com/metronic/preview/index6346.html]
[keenthemes.com/metronic/preview/assets/app/media/img/error/bg3.jpg]
[keenthemes.com/metronic/preview/index4fef.html]
[keenthemes.com/metronic/preview/assets/app/media/img/error/bg4.jpg]
[keenthemes.com/metronic/preview/indexd268.html]
[keenthemes.com/metronic/preview/assets/app/media/img/error/bg5.jpg]
[keenthemes.com/metronic/preview/index710c.html]
[keenthemes.com/metronic/preview/assets/app/media/img/error/bg6.jpg]
[keenthemes.com/metronic/preview/index3860.html]
[keenthemes.com/metronic/preview/assets/vendors/base/fonts/socicon/socicon.svg]
[keenthemes.com/metronic/preview/assets/vendors/base/fonts/line-awesome/line-awesomeeb4f.svg]
[keenthemes.com/metronic/preview/assets/vendors/base/fonts/flaticon/Flaticon.svg]
[keenthemes.com/metronic/preview/assets/vendors/base/fonts/metronic/Metronic_fda1334c35d0f5fe2afb3afebbb6774a.svg]
[keenthemes.com/metronic/preview/assets/vendors/base/fonts/fontawesome5/fa-brands-400.svg]
[keenthemes.com/metronic/preview/assets/vendors/base/fonts/fontawesome5/fa-regular-400.svg]
[keenthemes.com/metronic/preview/assets/vendors/base/fonts/fontawesome5/fa-solid-900.svg]
[keenthemes.com/metronic/preview/assets/app/media/img/users/user6.html]
[keenthemes.com/metronic/preview/assets/vendors/custom/jquery-ui/jquery-ui.bundle.css]
[keenthemes.com/metronic/preview/assets/app/media/img/files/doc.svg]
[keenthemes.com/metronic/preview/assets/app/media/img/files/jpg.svg]
[keenthemes.com/metronic/preview/assets/app/media/img/files/pdf.svg]
[keenthemes.com/metronic/preview/assets/app/media/img/files/javascript.svg]
[keenthemes.com/metronic/preview/assets/app/media/img/files/zip.svg]
[www.amcharts.com/lib/3/plugins/export/export.css]
[keenthemes.com/metronic/preview/assets/vendors/custom/jqvmap/jqvmap.bundle.css]
[keenthemes.com/metronic/preview/indexa5c4.html]
[keenthemes.com/metronic/preview/assets/vendors/custom/datatables/datatables.bundle.css]
[keenthemes.com/metronic/preview/assets/app/media/img/logos/bg-6.html]
[keenthemes.com/metronic/preview/assets/vendors/custom/jquery-ui/images/jquery-ui/ui-icons_444444_256x240.html]
[keenthemes.com/metronic/preview/assets/vendors/custom/jquery-ui/images/jquery-ui/ui-icons_555555_256x240.html]
[keenthemes.com/metronic/preview/assets/vendors/custom/jquery-ui/images/jquery-ui/ui-icons_ffffff_256x240.html]
[keenthemes.com/metronic/preview/assets/vendors/custom/jquery-ui/images/jquery-ui/ui-icons_777620_256x240.html]
[keenthemes.com/metronic/preview/assets/vendors/custom/jquery-ui/images/jquery-ui/ui-icons_cc0000_256x240.html]
[keenthemes.com/metronic/preview/assets/vendors/custom/jquery-ui/images/jquery-ui/ui-icons_777777_256x240.html]
